<?xml version="1.0" encoding="UTF-8"?>
<!-- Generated by org.testng.reporters.JUnitXMLReporter -->
<testsuite ignored="0" hostname="DESKTOP-JONVDBN" failures="1" tests="2" name="Test" time="34.637" errors="0" timestamp="2025-03-16T17:37:34 IST">
  <testcase classname="testCases.TC001_AccountRegistrationTest" name="verify_account_registration" time="5.893"/>
  <testcase classname="testCases.TC002_LoginTest" name="verify_login_functionality" time="23.16">
    <failure type="java.lang.AssertionError" message="Login failed expected [true] but found [false]">
      <![CDATA[java.lang.AssertionError: Login failed expected [true] but found [false]
at testCases.TC002_LoginTest.verify_login_functionality(TC002_LoginTest.java:45)
at java.base/java.util.ArrayList.forEach(ArrayList.java:1597)
... Removed 31 stack frames]]>
    </failure>
  </testcase> <!-- verify_login_functionality -->
</testsuite> <!-- Test -->
